<?xml version="1.0" encoding="UTF-8"?>
<!-- Generated by org.testng.reporters.JUnitReportReporter -->
<testsuite name="TestSuite.MDemo" tests="2" time="271.154" ignored="5" failures="0" timestamp="15 Jun 2021 14:08:33 GMT" skipped="0" hostname="DESKTOP-SDI2AQA" errors="0">
  <testcase name="RegisterPage" time="99.290" classname="TestSuite.MDemo"/>
  <testcase name="CheckoutWithLogin" time="171.864" classname="TestSuite.MDemo"/>
  <testcase name="Demo_on_Web" classname="TestSuite.Demo">
    <skipped/>
  </testcase> <!-- Demo_on_Web -->
  <testcase name="Indepenet_API" classname="TestSuite.Demo">
    <skipped/>
  </testcase> <!-- Indepenet_API -->
  <testcase name="Dependent_APIData" classname="TestSuite.Demo">
    <skipped/>
  </testcase> <!-- Dependent_APIData -->
  <testcase name="brokenLinks" classname="TestSuite.Demo">
    <skipped/>
  </testcase> <!-- brokenLinks -->
  <testcase name="Demo_on_WebWithGuestCheckout" classname="TestSuite.Demo">
    <skipped/>
  </testcase> <!-- Demo_on_WebWithGuestCheckout -->
</testsuite> <!-- TestSuite.MDemo -->
