<?xml version="1.0" encoding="UTF-8"?>
<!-- Generated by org.testng.reporters.JUnitReportReporter -->
<testsuite name="FrameWork.Framework" tests="1" time="0.000" ignored="0" failures="0" timestamp="03 Apr 2021 13:44:19 GMT" skipped="0" hostname="sourabh-ThinkPad-L480" errors="1">
  <testcase name="SessionTearDown" time="0.000" classname="FrameWork.Framework">
    <error type="java.lang.NullPointerException">
      <![CDATA[java.lang.NullPointerException
	at FrameWork.DataBaseActivity.dropTableFromGsheet(DataBaseActivity.java:41)
	at FrameWork.Framework.SessionTearDown(Framework.java:228)
	at sun.reflect.NativeMethodAccessorImpl.invoke0(Native Method)
	at sun.reflect.NativeMethodAccessorImpl.invoke(NativeMethodAccessorImpl.java:62)
	at sun.reflect.DelegatingMethodAccessorImpl.invoke(DelegatingMethodAccessorImpl.java:43)
	at java.lang.reflect.Method.invoke(Method.java:498)
	at org.testng.internal.MethodInvocationHelper.invokeMethod(MethodInvocationHelper.java:104)
	at org.testng.internal.Invoker.invokeConfigurationMethod(Invoker.java:515)
	at org.testng.internal.Invoker.invokeConfigurations(Invoker.java:217)
	at org.testng.internal.Invoker.invokeConfigurations(Invoker.java:144)
	at org.testng.SuiteRunner.privateRun(SuiteRunner.java:357)
	at org.testng.SuiteRunner.run(SuiteRunner.java:289)
	at org.testng.SuiteRunnerWorker.runSuite(SuiteRunnerWorker.java:52)
	at org.testng.SuiteRunnerWorker.run(SuiteRunnerWorker.java:86)
	at org.testng.TestNG.runSuitesSequentially(TestNG.java:1293)
	at org.testng.TestNG.runSuitesLocally(TestNG.java:1218)
	at org.testng.TestNG.runSuites(TestNG.java:1133)
	at org.testng.TestNG.run(TestNG.java:1104)
	at FrameWork.TestRunner.main(TestRunner.java:44)
]]>
    </error>
  </testcase> <!-- SessionTearDown -->
</testsuite> <!-- FrameWork.Framework -->
