<?xml version="1.0" encoding="UTF-8"?>
<!-- Generated by org.testng.reporters.JUnitReportReporter -->
<testsuite name="TestSuite.MDemo" tests="1" time="34.901" ignored="5" failures="0" timestamp="21 May 2021 12:57:12 GMT" skipped="0" hostname="DESKTOP-SDI2AQA" errors="0">
  <testcase name="HomePage" time="34.901" classname="TestSuite.MDemo"/>
  <testcase name="Demo_on_Web" classname="TestSuite.Demo">
    <skipped/>
  </testcase> <!-- Demo_on_Web -->
  <testcase name="Indepenet_API" classname="TestSuite.Demo">
    <skipped/>
  </testcase> <!-- Indepenet_API -->
  <testcase name="Dependent_APIData" classname="TestSuite.Demo">
    <skipped/>
  </testcase> <!-- Dependent_APIData -->
  <testcase name="brokenLinks" classname="TestSuite.Demo">
    <skipped/>
  </testcase> <!-- brokenLinks -->
  <testcase name="Demo_on_WebWithGuestCheckout" classname="TestSuite.Demo">
    <skipped/>
  </testcase> <!-- Demo_on_WebWithGuestCheckout -->
</testsuite> <!-- TestSuite.MDemo -->
