<?xml version="1.0" encoding="UTF-8"?>
<!-- Generated by org.testng.reporters.JUnitReportReporter -->
<testsuite name="TestSuite.MDemo" tests="1" time="19.240" ignored="5" failures="0" timestamp="19 May 2021 12:47:24 GMT" skipped="0" hostname="DESKTOP-SDI2AQA" errors="1">
  <testcase name="HomePage" time="19.240" classname="TestSuite.MDemo">
    <error type="java.lang.IndexOutOfBoundsException" message="Index: 0, Size: 0">
      <![CDATA[java.lang.IndexOutOfBoundsException: Index: 0, Size: 0
	at java.util.ArrayList.rangeCheck(ArrayList.java:659)
	at java.util.ArrayList.get(ArrayList.java:435)
	at FrameWork.Framework.getOR(Framework.java:487)
	at FrameWork.AppAction.GetLocator(AppAction.java:301)
	at AppPages.MHomePage.RegisterNewUser(MHomePage.java:108)
	at TestSuite.MDemo.HomePage(MDemo.java:120)
	at sun.reflect.NativeMethodAccessorImpl.invoke0(Native Method)
	at sun.reflect.NativeMethodAccessorImpl.invoke(NativeMethodAccessorImpl.java:62)
	at sun.reflect.DelegatingMethodAccessorImpl.invoke(DelegatingMethodAccessorImpl.java:43)
	at java.lang.reflect.Method.invoke(Method.java:498)
	at org.testng.internal.MethodInvocationHelper.invokeMethod(MethodInvocationHelper.java:104)
	at org.testng.internal.Invoker.invokeMethod(Invoker.java:645)
	at org.testng.internal.Invoker.invokeTestMethod(Invoker.java:851)
	at org.testng.internal.Invoker.invokeTestMethods(Invoker.java:1177)
	at org.testng.internal.TestMethodWorker.invokeTestMethods(TestMethodWorker.java:129)
	at org.testng.internal.TestMethodWorker.run(TestMethodWorker.java:112)
	at java.util.concurrent.ThreadPoolExecutor.runWorker(ThreadPoolExecutor.java:1149)
	at java.util.concurrent.ThreadPoolExecutor$Worker.run(ThreadPoolExecutor.java:624)
	at java.lang.Thread.run(Thread.java:748)
]]>
    </error>
  </testcase> <!-- HomePage -->
  <testcase name="Demo_on_Web" classname="TestSuite.Demo">
    <skipped/>
  </testcase> <!-- Demo_on_Web -->
  <testcase name="Indepenet_API" classname="TestSuite.Demo">
    <skipped/>
  </testcase> <!-- Indepenet_API -->
  <testcase name="Dependent_APIData" classname="TestSuite.Demo">
    <skipped/>
  </testcase> <!-- Dependent_APIData -->
  <testcase name="brokenLinks" classname="TestSuite.Demo">
    <skipped/>
  </testcase> <!-- brokenLinks -->
  <testcase name="Demo_on_WebWithGuestCheckout" classname="TestSuite.Demo">
    <skipped/>
  </testcase> <!-- Demo_on_WebWithGuestCheckout -->
</testsuite> <!-- TestSuite.MDemo -->
