<?xml version="1.0" encoding="UTF-8"?>
<!-- Generated by org.testng.reporters.JUnitReportReporter -->
<testsuite name="TestSuite.Demo" tests="1" time="15.719" ignored="7" failures="0" timestamp="14 Jun 2022 16:58:20 GMT" skipped="0" hostname="DESKTOP-SDI2AQA" errors="0">
  <testcase name="Demo_on_Web" time="15.719" classname="TestSuite.Demo"/>
  <testcase name="brokenLinks1" classname="TestSuite.Demo">
    <skipped/>
  </testcase> <!-- brokenLinks1 -->
  <testcase name="Indepenet_API" classname="TestSuite.Demo">
    <skipped/>
  </testcase> <!-- Indepenet_API -->
  <testcase name="Dependent_APIData" classname="TestSuite.Demo">
    <skipped/>
  </testcase> <!-- Dependent_APIData -->
  <testcase name="brokenLinks" classname="TestSuite.Demo">
    <skipped/>
  </testcase> <!-- brokenLinks -->
  <testcase name="Demo_on_WebWithGuestCheckout" classname="TestSuite.Demo">
    <skipped/>
  </testcase> <!-- Demo_on_WebWithGuestCheckout -->
  <testcase name="CheckoutWithLogin" classname="TestSuite.MDemo">
    <skipped/>
  </testcase> <!-- CheckoutWithLogin -->
  <testcase name="RegisterPage" classname="TestSuite.MDemo">
    <skipped/>
  </testcase> <!-- RegisterPage -->
</testsuite> <!-- TestSuite.Demo -->
