<?xml version="1.0" encoding="UTF-8"?>
<!-- Generated by org.testng.reporters.JUnitReportReporter -->
<testsuite name="TestSuite.Demo" tests="1" time="13.751" ignored="0" failures="0" timestamp="03 Apr 2021 13:44:19 GMT" skipped="0" hostname="sourabh-ThinkPad-L480" errors="0">
  <testcase name="Demo_on_Web" time="13.751" classname="TestSuite.Demo"/>
</testsuite> <!-- TestSuite.Demo -->
