<?xml version="1.0" encoding="UTF-8"?>
<!-- Generated by org.testng.reporters.JUnitReportReporter -->
<testsuite name="TestSuite.Demo" tests="2" time="274.466" ignored="3" failures="0" timestamp="17 May 2021 06:18:38 GMT" skipped="0" hostname="DESKTOP-SDI2AQA" errors="0">
  <testcase name="Demo_on_WebWithGuestCheckout" time="96.448" classname="TestSuite.Demo"/>
  <testcase name="Demo_on_Web" time="178.018" classname="TestSuite.Demo"/>
  <testcase name="Indepenet_API" classname="TestSuite.Demo">
    <skipped/>
  </testcase> <!-- Indepenet_API -->
  <testcase name="Dependent_APIData" classname="TestSuite.Demo">
    <skipped/>
  </testcase> <!-- Dependent_APIData -->
  <testcase name="brokenLinks" classname="TestSuite.Demo">
    <skipped/>
  </testcase> <!-- brokenLinks -->
</testsuite> <!-- TestSuite.Demo -->
